Plugins:
Bundled analyzers:
  - Python Code Quality and Security 4.3.0.11660 (python)
  - Clean as You Code 2.0.0.334 (cayc)
  - Go Code Quality and Security 1.13.0.4374 (go)
  - JaCoCo 1.3.0.1538 (jacoco)
  - Kotlin Code Quality and Security 2.15.0.2579 (kotlin)
  - IaC Code Quality and Security 1.17.0.3976 (iac)
  - JavaScript/TypeScript/CSS Code Quality and Security 10.3.1.21905 (javascript)
  - Ruby Code Quality and Security 1.13.0.4374 (ruby)
  - Scala Code Quality and Security 1.13.0.4374 (sonarscala)
  - C# Code Quality and Security 9.3.0.71466 (csharp)
  - Java Code Quality and Security 7.20.0.31692 (java)
  - HTML Code Quality and Security 3.8.0.3510 (web)
  - Flex Code Quality and Security 2.9.0.3375 (flex)
  - XML Code Quality and Security 2.8.1.4006 (xml)
  - PHP Code Quality and Security 3.30.0.9766 (php)
  - Text Code Quality and Security 2.1.0.1163 (text)
  - VB.NET Code Quality and Security 9.3.0.71466 (vbnet)
  - Configuration detection fot Code Quality and Security 1.2.0.267 (config)
Global server settings:
  - sonar.core.id=147B411E-AYo9T2p6ibk41Zf5lSZC
  - sonar.core.startTime=2023-08-28T18:02:07+0000
  - sonar.forceAuthentication=true
Project server settings:
Project scanner properties:
  - sonar.host.url=http://localhost:9000
  - sonar.java.binaries=/home/juanesmoncada/IdeaProjects/sample-project/target
  - sonar.language=java
  - sonar.projectBaseDir=/home/juanesmoncada/IdeaProjects/sample-project
  - sonar.projectKey=sample-project
  - sonar.projectName=Sample Project with sonar
  - sonar.projectVersion=1.0
  - sonar.scanner.app=ScannerCLI
  - sonar.scanner.appVersion=5.0.1.3006
  - sonar.scm.disabled=True
  - sonar.sourceEncoding=UTF-8
  - sonar.sources=src
  - sonar.token=******
  - sonar.verbose=true
  - sonar.working.directory=/home/juanesmoncada/IdeaProjects/sample-project/.scannerwork
